<?xml version="1.0" encoding="UTF-8"?>
<!-- Generated by org.testng.reporters.JUnitXMLReporter -->
<testsuite hostname="DESKTOP-SV604MU" ignored="0" name="Default test(failed)" tests="1" failures="1" timestamp="19 Jan 2021 07:47:30 GMT" time="34.171" errors="0">
  <testcase name="tc1" time="33.555" classname="org.testng.AmazonProjt">
    <failure type="java.lang.AssertionError" message="check the search item expected [phone] but found [iphone]">
      <![CDATA[java.lang.AssertionError: check the search item expected [phone] but found [iphone]
... Removed 31 stack frames]]>
    </failure>
  </testcase> <!-- tc1 -->
</testsuite> <!-- Default test(failed) -->
