<?xml version="1.0" encoding="UTF-8"?>
<!-- Generated by org.testng.reporters.JUnitXMLReporter -->
<testsuite hostname="DESKTOP-SV604MU" ignored="11" name="Default test" tests="1" failures="0" timestamp="22 Mar 2021 10:26:46 GMT" time="27.143" errors="0">
  <testcase name="tc2" time="16.491" classname="org.seleniumtask.Day9Task"/>
  <testcase name="tc1" time="0.0" classname="org.seleniumtask.Day9Task">
    <ignored/>
  </testcase> <!-- tc1 -->
  <testcase name="tc12" time="0.0" classname="org.seleniumtask.Day9Task">
    <ignored/>
  </testcase> <!-- tc12 -->
  <testcase name="tc6" time="0.0" classname="org.seleniumtask.Day9Task">
    <ignored/>
  </testcase> <!-- tc6 -->
  <testcase name="tc5" time="0.0" classname="org.seleniumtask.Day9Task">
    <ignored/>
  </testcase> <!-- tc5 -->
  <testcase name="tc4" time="0.0" classname="org.seleniumtask.Day9Task">
    <ignored/>
  </testcase> <!-- tc4 -->
  <testcase name="tc3" time="0.0" classname="org.seleniumtask.Day9Task">
    <ignored/>
  </testcase> <!-- tc3 -->
  <testcase name="tc10" time="0.0" classname="org.seleniumtask.Day9Task">
    <ignored/>
  </testcase> <!-- tc10 -->
  <testcase name="tc11" time="0.0" classname="org.seleniumtask.Day9Task">
    <ignored/>
  </testcase> <!-- tc11 -->
  <testcase name="tc9" time="0.0" classname="org.seleniumtask.Day9Task">
    <ignored/>
  </testcase> <!-- tc9 -->
  <testcase name="tc8" time="0.0" classname="org.seleniumtask.Day9Task">
    <ignored/>
  </testcase> <!-- tc8 -->
  <testcase name="tc7" time="0.0" classname="org.seleniumtask.Day9Task">
    <ignored/>
  </testcase> <!-- tc7 -->
</testsuite> <!-- Default test -->
