<?xml version="1.0" encoding="UTF-8"?>
<!-- Generated by org.testng.reporters.JUnitXMLReporter -->
<testsuite hostname="DESKTOP-SV604MU" ignored="0" name="Testcfirefox" tests="1" failures="1" timestamp="19 Jan 2021 06:25:12 GMT" time="3.979" errors="0">
  <testcase name="tc1" time="3.819" classname="org.testng.A">
    <failure type="java.lang.NoClassDefFoundError" message="com/google/gson/GsonBuilder">
      <![CDATA[java.lang.NoClassDefFoundError: com/google/gson/GsonBuilder
at io.github.bonigarcia.wdm.WebDriverManager.getDriversFromGitHub(WebDriverManager.java:882)
at io.github.bonigarcia.wdm.managers.FirefoxDriverManager.getDriverUrls(FirefoxDriverManager.java:90)
at io.github.bonigarcia.wdm.WebDriverManager.createUrlHandler(WebDriverManager.java:731)
at io.github.bonigarcia.wdm.WebDriverManager.download(WebDriverManager.java:593)
at io.github.bonigarcia.wdm.WebDriverManager.manage(WebDriverManager.java:525)
at io.github.bonigarcia.wdm.WebDriverManager.setup(WebDriverManager.java:277)
at org.base.Base.launchBrowser(Base.java:25)
at java.util.concurrent.FutureTask.run(Unknown Source)
at java.util.concurrent.ThreadPoolExecutor.runWorker(Unknown Source)
at java.util.concurrent.ThreadPoolExecutor$Worker.run(Unknown Source)
at java.lang.Thread.run(Unknown Source)
Caused by: java.lang.ClassNotFoundException: com.google.gson.GsonBuilder
at java.net.URLClassLoader.findClass(Unknown Source)
at java.lang.ClassLoader.loadClass(Unknown Source)
at sun.misc.Launcher$AppClassLoader.loadClass(Unknown Source)
at java.lang.ClassLoader.loadClass(Unknown Source)
... 28 more
... Removed 17 stack frames]]>
    </failure>
  </testcase> <!-- tc1 -->
</testsuite> <!-- Testcfirefox -->
