<?xml version="1.0" encoding="UTF-8"?>
<testng-results skipped="0" failed="0" ignored="11" total="12" passed="1">
  <reporter-output>
  </reporter-output>
  <suite name="Default suite" duration-ms="27143" started-at="2021-03-22T10:26:19Z" finished-at="2021-03-22T10:26:46Z">
    <groups>
    </groups>
    <test name="Default test" duration-ms="27143" started-at="2021-03-22T10:26:19Z" finished-at="2021-03-22T10:26:46Z">
      <class name="org.seleniumtask.Day9Task">
        <test-method status="PASS" signature="openBrowser()[pri:0, instance:org.seleniumtask.Day9Task@4501b7af]" name="openBrowser" is-config="true" duration-ms="10482" started-at="2021-03-22T10:26:19Z" finished-at="2021-03-22T10:26:30Z">
          <reporter-output>
          </reporter-output>
        </test-method> <!-- openBrowser -->
        <test-method status="PASS" signature="tc2()[pri:0, instance:org.seleniumtask.Day9Task@4501b7af]" name="tc2" duration-ms="16491" started-at="2021-03-22T10:26:30Z" finished-at="2021-03-22T10:26:46Z">
          <reporter-output>
          </reporter-output>
        </test-method> <!-- tc2 -->
      </class> <!-- org.seleniumtask.Day9Task -->
    </test> <!-- Default test -->
  </suite> <!-- Default suite -->
</testng-results>
